<?xml version="1.0" encoding="UTF-8"?>
<!-- Generated by org.testng.reporters.JUnitReportReporter -->
<testsuite hostname="DESKTOP-F91SI2Q" failures="0" tests="1" name="TestCases.TestFailure" time="0.001" errors="0" timestamp="2021-06-29T12:02:49 IST" skipped="0">
  <testcase classname="TestCases.TestFailure" name="testName" time="0.001"/>
  <system-out/>
</testsuite> <!-- TestCases.TestFailure -->
